<?xml version="1.0" encoding="UTF-8"?>
<testng-results skipped="0" failed="0" total="1" passed="1">
  <reporter-output>
  </reporter-output>
  <suite name="Default suite" duration-ms="3672" started-at="2018-06-16T09:54:42Z" finished-at="2018-06-16T09:54:46Z">
    <groups>
    </groups>
    <test name="Default test" duration-ms="3672" started-at="2018-06-16T09:54:42Z" finished-at="2018-06-16T09:54:46Z">
      <class name="plivo.PricingMessage">
        <test-method status="PASS" signature="getData()[pri:0, instance:plivo.PricingMessage@685cb137]" name="getData" is-config="true" duration-ms="9" started-at="2018-06-16T15:24:42Z" finished-at="2018-06-16T15:24:42Z">
          <reporter-output>
          </reporter-output>
        </test-method> <!-- getData -->
        <test-method status="PASS" signature="test()[pri:0, instance:plivo.PricingMessage@685cb137]" name="test" duration-ms="3643" started-at="2018-06-16T15:24:42Z" finished-at="2018-06-16T15:24:46Z">
          <reporter-output>
          </reporter-output>
        </test-method> <!-- test -->
      </class> <!-- plivo.PricingMessage -->
    </test> <!-- Default test -->
  </suite> <!-- Default suite -->
</testng-results>
